<?xml version="1.0" encoding="UTF-8"?>
<!-- Generated by org.testng.reporters.JUnitReportReporter -->
<testsuite hostname="LAPTOP-NI6E2C8I" failures="0" tests="2" name="com.testng.sample.Sample" time="0.013" errors="0" timestamp="2023-12-11T20:51:40 IST" skipped="0">
  <testcase classname="com.testng.sample.Sample" name="testMethod1" time="0.008"/>
  <system-out/>
  <testcase classname="com.testng.sample.Sample" name="testMethod2" time="0.005"/>
  <system-out/>
</testsuite> <!-- com.testng.sample.Sample -->
