<?xml version="1.0" encoding="UTF-8"?>
<!-- Generated by org.testng.reporters.JUnitReportReporter -->
<testsuite hostname="LAPTOP-NI6E2C8I" failures="0" tests="3" name="com.testng.excel.DataProviderTest$DataProviderSamples" time="18.511" errors="0" timestamp="2023-12-11T21:56:53 IST" skipped="0">
  <testcase classname="com.testng.excel.DataProviderTest$DataProviderSamples" name="testMethod" time="6.130"/>
  <system-out/>
  <testcase classname="com.testng.excel.DataProviderTest$DataProviderSamples" name="testMethod" time="5.615"/>
  <system-out/>
  <testcase classname="com.testng.excel.DataProviderTest$DataProviderSamples" name="testMethod" time="6.766"/>
  <system-out/>
</testsuite> <!-- com.testng.excel.DataProviderTest$DataProviderSamples -->
